1711837148636|starting register component.
1711837154531|Adding nodeInfo: n13 Neighbours : []
1711837154531|Adding nodeInfo: n49 Neighbours : []
1711837154532|Adding nodeInfo: n3 Neighbours : []
1711837154532|Adding nodeInfo: n5 Neighbours : [n13]
1711837154532|Adding nodeInfo: n45 Neighbours : []
1711837154532|Adding nodeInfo: n48 Neighbours : []
1711837154532|Adding nodeInfo: n25 Neighbours : []
1711837154532|Adding nodeInfo: n30 Neighbours : []
1711837154532|Adding nodeInfo: n6 Neighbours : []
1711837154532|Adding nodeInfo: n38 Neighbours : [n30]
1711837154532|Adding nodeInfo: n39 Neighbours : [n48, n30]
1711837154533|Adding nodeInfo: n26 Neighbours : []
1711837154533|Adding nodeInfo: n41 Neighbours : [n49]
1711837154533|Adding nodeInfo: n42 Neighbours : []
1711837154533|Adding nodeInfo: n50 Neighbours : [n42, n41]
1711837154533|Adding nodeInfo: n20 Neighbours : []
1711837154534|Adding nodeInfo: n9 Neighbours : []
1711837154535|Adding nodeInfo: n8 Neighbours : []
1711837154535|Adding nodeInfo: n28 Neighbours : [n20]
1711837154535|Adding nodeInfo: n14 Neighbours : [n6, n5]
1711837154535|Adding nodeInfo: n36 Neighbours : [n28, n45]
1711837154535|Adding nodeInfo: n27 Neighbours : [n36]
1711837154535|Adding nodeInfo: n40 Neighbours : [n48, n49]
1711837154535|Adding nodeInfo: n1 Neighbours : []
1711837154536|Adding nodeInfo: n10 Neighbours : [n1]
1711837154536|Adding nodeInfo: n33 Neighbours : [n25, n42, n41]
1711837154536|Adding nodeInfo: n29 Neighbours : [n38, n20]
1711837154536|Adding nodeInfo: n34 Neighbours : [n26, n25, n42]
1711837154536|Adding nodeInfo: n15 Neighbours : [n6]
1711837154536|Adding nodeInfo: n37 Neighbours : [n28, n45, n29]
1711837154537|Adding nodeInfo: n35 Neighbours : [n27]
1711837154537|Adding nodeInfo: n2 Neighbours : [n10]
1711837154537|Adding nodeInfo: n11 Neighbours : [n2, n20, n3]
1711837154537|Adding nodeInfo: n7 Neighbours : [n15]
1711837154537|Adding nodeInfo: n43 Neighbours : [n34]
1711837154537|Adding nodeInfo: n18 Neighbours : [n10, n27]
1711837154538|Adding nodeInfo: n47 Neighbours : [n38, n39]
1711837154538|Adding nodeInfo: n4 Neighbours : [n13]
1711837154538|Adding nodeInfo: n46 Neighbours : [n38, n37]
1711837154538|Adding nodeInfo: n23 Neighbours : [n14, n15]
1711837154538|Adding nodeInfo: n12 Neighbours : [n4, n20, n3]
1711837154538|Adding nodeInfo: n24 Neighbours : [n33, n15]
1711837154538|Adding nodeInfo: n44 Neighbours : [n35, n36]
1711837154538|Adding nodeInfo: n22 Neighbours : [n30, n14, n13]
1711837154539|Adding nodeInfo: n32 Neighbours : [n23, n40, n24, n41]
1711837154539|Adding nodeInfo: n21 Neighbours : [n12, n30, n13, n29]
1711837154539|Adding nodeInfo: n16 Neighbours : [n25, n24, n8, n7]
1711837154539|Adding nodeInfo: n31 Neighbours : [n23, n22, n40, n39]
1711837154539|Adding nodeInfo: n17 Neighbours : [n26, n25, n8, n9]
1711837154539|Adding nodeInfo: n19 Neighbours : [n28, n10, n11, n27]
1711837155530|Request findByIdentifier received on n9
1711837168663|stopping Register component.
